Started GET "/" for ::1 at 2024-05-20 12:41:52 +0300
  [1m[35m (2.6ms)[0m  [1m[35mCREATE TABLE "schema_migrations" ("version" varchar NOT NULL PRIMARY KEY)[0m
  [1m[35m (0.2ms)[0m  [1m[35mCREATE TABLE "ar_internal_metadata" ("key" varchar NOT NULL PRIMARY KEY, "value" varchar, "created_at" datetime(6) NOT NULL, "updated_at" datetime(6) NOT NULL)[0m
  [1m[36mActiveRecord::SchemaMigration Load (0.2ms)[0m  [1m[34mSELECT "schema_migrations"."version" FROM "schema_migrations" ORDER BY "schema_migrations"."version" ASC[0m
Processing by Rails::WelcomeController#index as HTML
  Rendering /home/anton/.rvm/gems/ruby-3.1.0/gems/railties-7.1.3.3/lib/rails/templates/rails/welcome/index.html.erb
  Rendered /home/anton/.rvm/gems/ruby-3.1.0/gems/railties-7.1.3.3/lib/rails/templates/rails/welcome/index.html.erb (Duration: 1.5ms | Allocations: 383)
Completed 200 OK in 29ms (Views: 9.9ms | ActiveRecord: 0.0ms | Allocations: 7494)


Started GET "/" for ::1 at 2024-05-20 12:53:23 +0300
  [1m[36mActiveRecord::SchemaMigration Load (0.3ms)[0m  [1m[34mSELECT "schema_migrations"."version" FROM "schema_migrations" ORDER BY "schema_migrations"."version" ASC[0m
Processing by Rails::WelcomeController#index as HTML
  Rendering /home/anton/.rvm/gems/ruby-3.1.0/gems/railties-7.1.3.3/lib/rails/templates/rails/welcome/index.html.erb
  Rendered /home/anton/.rvm/gems/ruby-3.1.0/gems/railties-7.1.3.3/lib/rails/templates/rails/welcome/index.html.erb (Duration: 0.8ms | Allocations: 383)
Completed 200 OK in 15ms (Views: 5.5ms | ActiveRecord: 0.0ms | Allocations: 4610)


  [1m[36mActiveRecord::InternalMetadata Load (0.6ms)[0m  [1m[34mSELECT * FROM "ar_internal_metadata" WHERE "ar_internal_metadata"."key" = ? ORDER BY "ar_internal_metadata"."key" ASC LIMIT 1[0m  [[nil, "environment"]]
  [1m[36mActiveRecord::InternalMetadata Create (3.4ms)[0m  [1m[32mINSERT INTO "ar_internal_metadata" ("key", "value", "created_at", "updated_at") VALUES ('environment', 'development', '2024-05-21 08:08:32.940676', '2024-05-21 08:08:32.940683') RETURNING "key"[0m
  [1m[36mActiveRecord::SchemaMigration Load (0.1ms)[0m  [1m[34mSELECT "schema_migrations"."version" FROM "schema_migrations" ORDER BY "schema_migrations"."version" ASC[0m
Migrating to CreateUsers (20240521080759)
  [1m[36mTRANSACTION (0.1ms)[0m  [1m[36mbegin transaction[0m
  [1m[35m (1.1ms)[0m  [1m[35mCREATE TABLE "users" ("id" integer PRIMARY KEY AUTOINCREMENT NOT NULL, "email" varchar, "first_name" varchar, "last_name" varchar, "created_at" datetime(6) NOT NULL, "updated_at" datetime(6) NOT NULL)[0m
  [1m[36mActiveRecord::SchemaMigration Create (0.1ms)[0m  [1m[32mINSERT INTO "schema_migrations" ("version") VALUES ('20240521080759') RETURNING "version"[0m
  [1m[36mTRANSACTION (0.1ms)[0m  [1m[36mcommit transaction[0m
  [1m[36mActiveRecord::SchemaMigration Load (0.1ms)[0m  [1m[34mSELECT "schema_migrations"."version" FROM "schema_migrations" ORDER BY "schema_migrations"."version" ASC[0m
  [1m[36mActiveRecord::SchemaMigration Load (0.2ms)[0m  [1m[34mSELECT "schema_migrations"."version" FROM "schema_migrations" ORDER BY "schema_migrations"."version" ASC[0m
  [1m[36mActiveRecord::SchemaMigration Load (0.0ms)[0m  [1m[34mSELECT "schema_migrations"."version" FROM "schema_migrations" ORDER BY "schema_migrations"."version" ASC[0m
  [1m[36mActiveRecord::SchemaMigration Load (0.0ms)[0m  [1m[34mSELECT "schema_migrations"."version" FROM "schema_migrations" ORDER BY "schema_migrations"."version" ASC[0m
  [1m[36mActiveRecord::SchemaMigration Load (0.0ms)[0m  [1m[34mSELECT "schema_migrations"."version" FROM "schema_migrations" ORDER BY "schema_migrations"."version" ASC[0m
Migrating to CreateUsers (20240521080759)
  [1m[36mTRANSACTION (0.1ms)[0m  [1m[36mbegin transaction[0m
  [1m[35m (1.1ms)[0m  [1m[35mDROP TABLE "users"[0m
  [1m[36mActiveRecord::SchemaMigration Destroy (0.1ms)[0m  [1m[31mDELETE FROM "schema_migrations" WHERE "schema_migrations"."version" = '20240521080759'[0m
  [1m[36mTRANSACTION (0.1ms)[0m  [1m[36mcommit transaction[0m
  [1m[36mActiveRecord::SchemaMigration Load (0.1ms)[0m  [1m[34mSELECT "schema_migrations"."version" FROM "schema_migrations" ORDER BY "schema_migrations"."version" ASC[0m
Started GET "/" for ::1 at 2024-05-21 11:37:36 +0300
  [1m[36mActiveRecord::SchemaMigration Load (0.2ms)[0m  [1m[34mSELECT "schema_migrations"."version" FROM "schema_migrations" ORDER BY "schema_migrations"."version" ASC[0m
  
ActiveRecord::PendingMigrationError (

Migrations are pending. To resolve this issue, run:

        bin/rails db:migrate

You have 1 pending migration:

db/migrate/20240521080759_create_users.rb


):
  
activerecord (7.1.3.3) lib/active_record/migration.rb:755:in `check_pending_migrations'
activerecord (7.1.3.3) lib/active_record/migration.rb:644:in `block (2 levels) in call'
activesupport (7.1.3.3) lib/active_support/file_update_checker.rb:85:in `execute'
activerecord (7.1.3.3) lib/active_record/migration.rb:649:in `block in call'
activerecord (7.1.3.3) lib/active_record/migration.rb:641:in `synchronize'
activerecord (7.1.3.3) lib/active_record/migration.rb:641:in `call'
actionpack (7.1.3.3) lib/action_dispatch/middleware/callbacks.rb:29:in `block in call'
activesupport (7.1.3.3) lib/active_support/callbacks.rb:101:in `run_callbacks'
actionpack (7.1.3.3) lib/action_dispatch/middleware/callbacks.rb:28:in `call'
actionpack (7.1.3.3) lib/action_dispatch/middleware/executor.rb:14:in `call'
actionpack (7.1.3.3) lib/action_dispatch/middleware/actionable_exceptions.rb:16:in `call'
actionpack (7.1.3.3) lib/action_dispatch/middleware/debug_exceptions.rb:29:in `call'
web-console (4.2.1) lib/web_console/middleware.rb:132:in `call_app'
web-console (4.2.1) lib/web_console/middleware.rb:28:in `block in call'
web-console (4.2.1) lib/web_console/middleware.rb:17:in `catch'
web-console (4.2.1) lib/web_console/middleware.rb:17:in `call'
actionpack (7.1.3.3) lib/action_dispatch/middleware/show_exceptions.rb:31:in `call'
railties (7.1.3.3) lib/rails/rack/logger.rb:37:in `call_app'
railties (7.1.3.3) lib/rails/rack/logger.rb:24:in `block in call'
activesupport (7.1.3.3) lib/active_support/tagged_logging.rb:135:in `block in tagged'
activesupport (7.1.3.3) lib/active_support/tagged_logging.rb:39:in `tagged'
activesupport (7.1.3.3) lib/active_support/tagged_logging.rb:135:in `tagged'
activesupport (7.1.3.3) lib/active_support/broadcast_logger.rb:240:in `method_missing'
railties (7.1.3.3) lib/rails/rack/logger.rb:24:in `call'
sprockets-rails (3.4.2) lib/sprockets/rails/quiet_assets.rb:13:in `call'
actionpack (7.1.3.3) lib/action_dispatch/middleware/remote_ip.rb:92:in `call'
actionpack (7.1.3.3) lib/action_dispatch/middleware/request_id.rb:28:in `call'
rack (3.0.11) lib/rack/method_override.rb:28:in `call'
rack (3.0.11) lib/rack/runtime.rb:24:in `call'
activesupport (7.1.3.3) lib/active_support/cache/strategy/local_cache_middleware.rb:29:in `call'
actionpack (7.1.3.3) lib/action_dispatch/middleware/server_timing.rb:59:in `block in call'
actionpack (7.1.3.3) lib/action_dispatch/middleware/server_timing.rb:24:in `collect_events'
actionpack (7.1.3.3) lib/action_dispatch/middleware/server_timing.rb:58:in `call'
actionpack (7.1.3.3) lib/action_dispatch/middleware/executor.rb:14:in `call'
actionpack (7.1.3.3) lib/action_dispatch/middleware/static.rb:25:in `call'
rack (3.0.11) lib/rack/sendfile.rb:114:in `call'
actionpack (7.1.3.3) lib/action_dispatch/middleware/host_authorization.rb:141:in `call'
railties (7.1.3.3) lib/rails/engine.rb:536:in `call'
puma (6.4.2) lib/puma/configuration.rb:272:in `call'
puma (6.4.2) lib/puma/request.rb:100:in `block in handle_request'
puma (6.4.2) lib/puma/thread_pool.rb:378:in `with_force_shutdown'
puma (6.4.2) lib/puma/request.rb:99:in `handle_request'
puma (6.4.2) lib/puma/server.rb:464:in `process_client'
puma (6.4.2) lib/puma/server.rb:245:in `block in run'
puma (6.4.2) lib/puma/thread_pool.rb:155:in `block in spawn_thread'
  [1m[36mActiveRecord::InternalMetadata Load (0.2ms)[0m  [1m[34mSELECT * FROM "ar_internal_metadata" WHERE "ar_internal_metadata"."key" = ? ORDER BY "ar_internal_metadata"."key" ASC LIMIT 1[0m  [[nil, "environment"]]
  [1m[36mActiveRecord::SchemaMigration Load (0.1ms)[0m  [1m[34mSELECT "schema_migrations"."version" FROM "schema_migrations" ORDER BY "schema_migrations"."version" ASC[0m
Migrating to CreateUsers (20240521080759)
  [1m[36mTRANSACTION (0.1ms)[0m  [1m[36mbegin transaction[0m
  [1m[35m (1.2ms)[0m  [1m[35mCREATE TABLE "users" ("id" integer PRIMARY KEY AUTOINCREMENT NOT NULL, "email" varchar, "first_name" varchar, "last_name" varchar, "created_at" datetime(6) NOT NULL, "updated_at" datetime(6) NOT NULL)[0m
  [1m[36mActiveRecord::SchemaMigration Create (0.1ms)[0m  [1m[32mINSERT INTO "schema_migrations" ("version") VALUES ('20240521080759') RETURNING "version"[0m
  [1m[36mTRANSACTION (4.4ms)[0m  [1m[36mcommit transaction[0m
  [1m[36mActiveRecord::SchemaMigration Load (0.1ms)[0m  [1m[34mSELECT "schema_migrations"."version" FROM "schema_migrations" ORDER BY "schema_migrations"."version" ASC[0m
Started GET "/" for ::1 at 2024-05-21 11:37:55 +0300
  [1m[36mActiveRecord::SchemaMigration Load (0.3ms)[0m  [1m[34mSELECT "schema_migrations"."version" FROM "schema_migrations" ORDER BY "schema_migrations"."version" ASC[0m
Processing by Rails::WelcomeController#index as HTML
  Rendering /home/anton/.rvm/gems/ruby-3.1.0/gems/railties-7.1.3.3/lib/rails/templates/rails/welcome/index.html.erb
  Rendered /home/anton/.rvm/gems/ruby-3.1.0/gems/railties-7.1.3.3/lib/rails/templates/rails/welcome/index.html.erb (Duration: 1.3ms | Allocations: 383)
Completed 200 OK in 13ms (Views: 3.7ms | ActiveRecord: 0.0ms | Allocations: 4531)


Started GET "/users" for ::1 at 2024-05-21 11:38:00 +0300
Processing by UsersController#index as HTML
  Rendering layout layouts/application.html.erb
  Rendering users/index.html.erb within layouts/application
  [1m[36mUser Load (0.1ms)[0m  [1m[34mSELECT "users".* FROM "users"[0m
  ↳ app/views/users/index.html.erb:6
  Rendered users/index.html.erb within layouts/application (Duration: 6.4ms | Allocations: 1937)
  Rendered layout layouts/application.html.erb (Duration: 367.3ms | Allocations: 94743)
Completed 200 OK in 415ms (Views: 368.1ms | ActiveRecord: 2.0ms | Allocations: 102911)


Started GET "/user" for ::1 at 2024-05-21 11:38:07 +0300
  
ActionController::RoutingError (No route matches [GET] "/user"):
  
Started GET "/config/routes" for ::1 at 2024-05-21 11:41:36 +0300
  
ActionController::RoutingError (No route matches [GET] "/config/routes"):
  
Started GET "/rails/config/routes" for ::1 at 2024-05-21 11:41:42 +0300
  
ActionController::RoutingError (No route matches [GET] "/rails/config/routes"):
  
Started GET "/rails/config/routes" for ::1 at 2024-05-21 11:47:21 +0300
  [1m[36mActiveRecord::SchemaMigration Load (0.2ms)[0m  [1m[34mSELECT "schema_migrations"."version" FROM "schema_migrations" ORDER BY "schema_migrations"."version" ASC[0m
  
ActionController::RoutingError (No route matches [GET] "/rails/config/routes"):
  
Started GET "/users" for ::1 at 2024-05-21 11:47:25 +0300
Processing by UsersController#index as HTML
  Rendering layout layouts/application.html.erb
  Rendering users/index.html.erb within layouts/application
  [1m[36mUser Load (0.2ms)[0m  [1m[34mSELECT "users".* FROM "users"[0m
  ↳ app/views/users/index.html.erb:6
  Rendered users/index.html.erb within layouts/application (Duration: 5.0ms | Allocations: 1941)
  Rendered layout layouts/application.html.erb (Duration: 63.0ms | Allocations: 35848)
Completed 200 OK in 83ms (Views: 62.8ms | ActiveRecord: 2.1ms | Allocations: 43877)


  [1m[36mActiveRecord::InternalMetadata Load (0.2ms)[0m  [1m[34mSELECT * FROM "ar_internal_metadata" WHERE "ar_internal_metadata"."key" = ? ORDER BY "ar_internal_metadata"."key" ASC LIMIT 1[0m  [[nil, "environment"]]
  [1m[36mActiveRecord::SchemaMigration Load (0.1ms)[0m  [1m[34mSELECT "schema_migrations"."version" FROM "schema_migrations" ORDER BY "schema_migrations"."version" ASC[0m
Migrating to CreateLabReports (20240521085214)
  [1m[36mTRANSACTION (0.1ms)[0m  [1m[36mbegin transaction[0m
  [1m[35m (1.0ms)[0m  [1m[35mCREATE TABLE "lab_reports" ("id" integer PRIMARY KEY AUTOINCREMENT NOT NULL, "title" varchar, "description" text, "grade" varchar, "user_id" integer NOT NULL, "created_at" datetime(6) NOT NULL, "updated_at" datetime(6) NOT NULL, CONSTRAINT "fk_rails_acb1a91263"
FOREIGN KEY ("user_id")
  REFERENCES "users" ("id")
)[0m
  [1m[35m (0.1ms)[0m  [1m[35mCREATE INDEX "index_lab_reports_on_user_id" ON "lab_reports" ("user_id")[0m
  [1m[36mActiveRecord::SchemaMigration Create (0.1ms)[0m  [1m[32mINSERT INTO "schema_migrations" ("version") VALUES ('20240521085214') RETURNING "version"[0m
  [1m[36mTRANSACTION (4.7ms)[0m  [1m[36mcommit transaction[0m
  [1m[36mActiveRecord::SchemaMigration Load (0.0ms)[0m  [1m[34mSELECT "schema_migrations"."version" FROM "schema_migrations" ORDER BY "schema_migrations"."version" ASC[0m
  [1m[36mActiveRecord::SchemaMigration Load (0.2ms)[0m  [1m[34mSELECT "schema_migrations"."version" FROM "schema_migrations" ORDER BY "schema_migrations"."version" ASC[0m
  [1m[36mActiveRecord::SchemaMigration Load (0.0ms)[0m  [1m[34mSELECT "schema_migrations"."version" FROM "schema_migrations" ORDER BY "schema_migrations"."version" ASC[0m
  [1m[36mActiveRecord::SchemaMigration Load (0.0ms)[0m  [1m[34mSELECT "schema_migrations"."version" FROM "schema_migrations" ORDER BY "schema_migrations"."version" ASC[0m
  [1m[36mActiveRecord::SchemaMigration Load (0.0ms)[0m  [1m[34mSELECT "schema_migrations"."version" FROM "schema_migrations" ORDER BY "schema_migrations"."version" ASC[0m
Migrating to CreateLabReports (20240521085214)
  [1m[36mTRANSACTION (0.1ms)[0m  [1m[36mbegin transaction[0m
  [1m[35m (1.1ms)[0m  [1m[35mDROP TABLE "lab_reports"[0m
  [1m[36mActiveRecord::SchemaMigration Destroy (0.1ms)[0m  [1m[31mDELETE FROM "schema_migrations" WHERE "schema_migrations"."version" = '20240521085214'[0m
  [1m[36mTRANSACTION (0.1ms)[0m  [1m[36mcommit transaction[0m
  [1m[36mActiveRecord::SchemaMigration Load (0.1ms)[0m  [1m[34mSELECT "schema_migrations"."version" FROM "schema_migrations" ORDER BY "schema_migrations"."version" ASC[0m
  [1m[36mActiveRecord::InternalMetadata Load (0.2ms)[0m  [1m[34mSELECT * FROM "ar_internal_metadata" WHERE "ar_internal_metadata"."key" = ? ORDER BY "ar_internal_metadata"."key" ASC LIMIT 1[0m  [[nil, "environment"]]
  [1m[36mActiveRecord::SchemaMigration Load (0.1ms)[0m  [1m[34mSELECT "schema_migrations"."version" FROM "schema_migrations" ORDER BY "schema_migrations"."version" ASC[0m
Migrating to CreateLabReports (20240521085214)
  [1m[36mTRANSACTION (0.1ms)[0m  [1m[36mbegin transaction[0m
  [1m[35m (1.2ms)[0m  [1m[35mCREATE TABLE "lab_reports" ("id" integer PRIMARY KEY AUTOINCREMENT NOT NULL, "title" varchar, "description" text, "grade" varchar DEFAULT 'None', "user_id" integer NOT NULL, "created_at" datetime(6) NOT NULL, "updated_at" datetime(6) NOT NULL, CONSTRAINT "fk_rails_acb1a91263"
FOREIGN KEY ("user_id")
  REFERENCES "users" ("id")
)[0m
  [1m[35m (0.1ms)[0m  [1m[35mCREATE INDEX "index_lab_reports_on_user_id" ON "lab_reports" ("user_id")[0m
  [1m[36mActiveRecord::SchemaMigration Create (0.1ms)[0m  [1m[32mINSERT INTO "schema_migrations" ("version") VALUES ('20240521085214') RETURNING "version"[0m
  [1m[36mTRANSACTION (0.1ms)[0m  [1m[36mcommit transaction[0m
  [1m[36mActiveRecord::SchemaMigration Load (0.1ms)[0m  [1m[34mSELECT "schema_migrations"."version" FROM "schema_migrations" ORDER BY "schema_migrations"."version" ASC[0m
Started GET "/users" for ::1 at 2024-05-21 12:10:03 +0300
  [1m[36mActiveRecord::SchemaMigration Load (0.2ms)[0m  [1m[34mSELECT "schema_migrations"."version" FROM "schema_migrations" ORDER BY "schema_migrations"."version" ASC[0m
Processing by UsersController#index as HTML
  Rendering layout layouts/application.html.erb
  Rendering users/index.html.erb within layouts/application
  [1m[36mUser Load (0.1ms)[0m  [1m[34mSELECT "users".* FROM "users"[0m
  ↳ app/views/users/index.html.erb:6
  Rendered users/index.html.erb within layouts/application (Duration: 7.5ms | Allocations: 3143)
  Rendered layout layouts/application.html.erb (Duration: 126.4ms | Allocations: 36928)
Completed 200 OK in 170ms (Views: 128.4ms | ActiveRecord: 1.6ms | Allocations: 48801)


Started GET "/lab_reports" for ::1 at 2024-05-21 12:10:08 +0300
Processing by LabReportsController#index as HTML
  Rendering layout layouts/application.html.erb
  Rendering lab_reports/index.html.erb within layouts/application
  [1m[36mLabReport Load (0.2ms)[0m  [1m[34mSELECT "lab_reports".* FROM "lab_reports"[0m
  ↳ app/views/lab_reports/index.html.erb:6
  Rendered lab_reports/index.html.erb within layouts/application (Duration: 3.7ms | Allocations: 1431)
  Rendered layout layouts/application.html.erb (Duration: 5.8ms | Allocations: 2743)
Completed 200 OK in 15ms (Views: 6.7ms | ActiveRecord: 0.2ms | Allocations: 5141)


Started GET "/lab_reports/new" for ::1 at 2024-05-21 12:10:10 +0300
Processing by LabReportsController#new as HTML
  Rendering layout layouts/application.html.erb
  Rendering lab_reports/new.html.erb within layouts/application
  Rendered lab_reports/_form.html.erb (Duration: 8.2ms | Allocations: 3336)
  Rendered lab_reports/new.html.erb within layouts/application (Duration: 9.2ms | Allocations: 3684)
  Rendered layout layouts/application.html.erb (Duration: 11.8ms | Allocations: 4974)
Completed 200 OK in 34ms (Views: 12.5ms | ActiveRecord: 0.6ms | Allocations: 16541)


Started GET "/up" for ::1 at 2024-05-21 12:11:00 +0300
Processing by Rails::HealthController#show as HTML
  Rendering html template
  Rendered html template (Duration: 0.0ms | Allocations: 9)
Completed 200 OK in 3ms (Views: 2.1ms | ActiveRecord: 0.0ms | Allocations: 784)


Started GET "/users" for ::1 at 2024-05-21 12:11:47 +0300
  [1m[36mActiveRecord::SchemaMigration Load (0.2ms)[0m  [1m[34mSELECT "schema_migrations"."version" FROM "schema_migrations" ORDER BY "schema_migrations"."version" ASC[0m
Processing by UsersController#index as HTML
  Rendering layout layouts/application.html.erb
  Rendering users/index.html.erb within layouts/application
  [1m[36mUser Load (0.1ms)[0m  [1m[34mSELECT "users".* FROM "users"[0m
  ↳ app/views/users/index.html.erb:6
  Rendered users/index.html.erb within layouts/application (Duration: 7.4ms | Allocations: 3155)
  Rendered layout layouts/application.html.erb (Duration: 119.3ms | Allocations: 37133)
Completed 200 OK in 173ms (Views: 123.4ms | ActiveRecord: 1.6ms | Allocations: 48740)


Started GET "/" for ::1 at 2024-05-21 12:11:49 +0300
Processing by LabReportsController#index as HTML
  Rendering layout layouts/application.html.erb
  Rendering lab_reports/index.html.erb within layouts/application
  [1m[36mLabReport Load (0.2ms)[0m  [1m[34mSELECT "lab_reports".* FROM "lab_reports"[0m
  ↳ app/views/lab_reports/index.html.erb:6
  Rendered lab_reports/index.html.erb within layouts/application (Duration: 2.7ms | Allocations: 1419)
  Rendered layout layouts/application.html.erb (Duration: 4.9ms | Allocations: 2731)
Completed 200 OK in 10ms (Views: 6.5ms | ActiveRecord: 0.1ms | Allocations: 4717)


Started GET "/lab_reports/new" for ::1 at 2024-05-21 12:11:51 +0300
Processing by LabReportsController#new as HTML
  Rendering layout layouts/application.html.erb
  Rendering lab_reports/new.html.erb within layouts/application
  Rendered lab_reports/_form.html.erb (Duration: 5.3ms | Allocations: 3015)
  Rendered lab_reports/new.html.erb within layouts/application (Duration: 6.3ms | Allocations: 3363)
  Rendered layout layouts/application.html.erb (Duration: 8.3ms | Allocations: 4655)
Completed 200 OK in 34ms (Views: 8.9ms | ActiveRecord: 0.5ms | Allocations: 16071)


Started GET "/lab_reports" for ::1 at 2024-05-21 12:12:00 +0300
Processing by LabReportsController#index as HTML
  Rendering layout layouts/application.html.erb
  Rendering lab_reports/index.html.erb within layouts/application
  [1m[36mLabReport Load (0.1ms)[0m  [1m[34mSELECT "lab_reports".* FROM "lab_reports"[0m
  ↳ app/views/lab_reports/index.html.erb:6
  Rendered lab_reports/index.html.erb within layouts/application (Duration: 2.5ms | Allocations: 999)
  Rendered layout layouts/application.html.erb (Duration: 5.5ms | Allocations: 2166)
Completed 200 OK in 7ms (Views: 6.4ms | ActiveRecord: 0.1ms | Allocations: 2487)


Started GET "/" for ::1 at 2024-05-21 12:21:48 +0300
  [1m[36mActiveRecord::SchemaMigration Load (0.2ms)[0m  [1m[34mSELECT "schema_migrations"."version" FROM "schema_migrations" ORDER BY "schema_migrations"."version" ASC[0m
Processing by UsersController#index as HTML
  Rendering layout layouts/application.html.erb
  Rendering users/index.html.erb within layouts/application
  [1m[36mUser Load (0.1ms)[0m  [1m[34mSELECT "users".* FROM "users"[0m
  ↳ app/views/users/index.html.erb:6
  Rendered users/index.html.erb within layouts/application (Duration: 7.6ms | Allocations: 3134)
  Rendered layout layouts/application.html.erb (Duration: 122.0ms | Allocations: 36920)
Completed 200 OK in 162ms (Views: 124.6ms | ActiveRecord: 1.5ms | Allocations: 48527)


Started GET "/users/new" for ::1 at 2024-05-21 12:21:50 +0300
Processing by UsersController#new as HTML
  Rendering layout layouts/application.html.erb
  Rendering users/new.html.erb within layouts/application
  Rendered users/_form.html.erb (Duration: 4.7ms | Allocations: 2546)
  Rendered users/new.html.erb within layouts/application (Duration: 5.8ms | Allocations: 2897)
  Rendered layout layouts/application.html.erb (Duration: 7.9ms | Allocations: 4194)
Completed 200 OK in 30ms (Views: 8.5ms | ActiveRecord: 0.5ms | Allocations: 14367)


Started GET "/users" for ::1 at 2024-05-21 12:21:53 +0300
Processing by UsersController#index as HTML
  Rendering layout layouts/application.html.erb
  Rendering users/index.html.erb within layouts/application
  [1m[36mUser Load (0.1ms)[0m  [1m[34mSELECT "users".* FROM "users"[0m
  ↳ app/views/users/index.html.erb:6
  Rendered users/index.html.erb within layouts/application (Duration: 1.7ms | Allocations: 990)
  Rendered layout layouts/application.html.erb (Duration: 3.7ms | Allocations: 2157)
Completed 200 OK in 5ms (Views: 4.1ms | ActiveRecord: 0.1ms | Allocations: 2478)


Started GET "/users/new" for ::1 at 2024-05-21 12:21:55 +0300
Processing by UsersController#new as HTML
  Rendering layout layouts/application.html.erb
  Rendering users/new.html.erb within layouts/application
  Rendered users/_form.html.erb (Duration: 1.7ms | Allocations: 1067)
  Rendered users/new.html.erb within layouts/application (Duration: 2.0ms | Allocations: 1150)
  Rendered layout layouts/application.html.erb (Duration: 4.0ms | Allocations: 2314)
Completed 200 OK in 5ms (Views: 4.6ms | ActiveRecord: 0.0ms | Allocations: 2605)


Started POST "/users" for ::1 at 2024-05-21 12:22:04 +0300
Processing by UsersController#create as TURBO_STREAM
  Parameters: {"authenticity_token"=>"[FILTERED]", "user"=>{"email"=>"anton@example.com", "first_name"=>"Anton", "last_name"=>"Hashabov"}, "commit"=>"Create User"}
  [1m[36mTRANSACTION (0.1ms)[0m  [1m[36mbegin transaction[0m
  ↳ app/controllers/users_controller.rb:27:in `block in create'
  [1m[36mUser Exists? (1.4ms)[0m  [1m[34mSELECT 1 AS one FROM "users" WHERE "users"."email" = ? LIMIT ?[0m  [["email", "anton@example.com"], ["LIMIT", 1]]
  ↳ app/controllers/users_controller.rb:27:in `block in create'
  [1m[36mUser Create (0.3ms)[0m  [1m[32mINSERT INTO "users" ("email", "first_name", "last_name", "created_at", "updated_at") VALUES (?, ?, ?, ?, ?) RETURNING "id"[0m  [["email", "anton@example.com"], ["first_name", "Anton"], ["last_name", "Hashabov"], ["created_at", "2024-05-21 09:22:04.838702"], ["updated_at", "2024-05-21 09:22:04.838702"]]
  ↳ app/controllers/users_controller.rb:27:in `block in create'
  [1m[36mTRANSACTION (5.2ms)[0m  [1m[36mcommit transaction[0m
  ↳ app/controllers/users_controller.rb:27:in `block in create'
Redirected to http://localhost:3000/users/1
Completed 302 Found in 18ms (ActiveRecord: 7.0ms | Allocations: 7178)


Started GET "/users/1" for ::1 at 2024-05-21 12:22:04 +0300
Processing by UsersController#show as TURBO_STREAM
  Parameters: {"id"=>"1"}
  [1m[36mUser Load (0.2ms)[0m  [1m[34mSELECT "users".* FROM "users" WHERE "users"."id" = ? LIMIT ?[0m  [["id", 1], ["LIMIT", 1]]
  ↳ app/controllers/users_controller.rb:63:in `set_user'
  Rendering layout layouts/application.html.erb
  Rendering users/show.html.erb within layouts/application
  Rendered users/_user.html.erb (Duration: 0.5ms | Allocations: 242)
  Rendered users/show.html.erb within layouts/application (Duration: 4.1ms | Allocations: 1578)
  Rendered layout layouts/application.html.erb (Duration: 6.3ms | Allocations: 2851)
Completed 200 OK in 11ms (Views: 7.0ms | ActiveRecord: 0.2ms | Allocations: 4643)


Started GET "/users" for ::1 at 2024-05-21 12:22:07 +0300
Processing by UsersController#index as HTML
  Rendering layout layouts/application.html.erb
  Rendering users/index.html.erb within layouts/application
  [1m[36mUser Load (0.1ms)[0m  [1m[34mSELECT "users".* FROM "users"[0m
  ↳ app/views/users/index.html.erb:6
  Rendered users/_user.html.erb (Duration: 0.1ms | Allocations: 20)
  Rendered users/index.html.erb within layouts/application (Duration: 3.0ms | Allocations: 1176)
  Rendered layout layouts/application.html.erb (Duration: 5.8ms | Allocations: 2344)
Completed 200 OK in 7ms (Views: 6.3ms | ActiveRecord: 0.1ms | Allocations: 2651)


Started GET "/users/new" for ::1 at 2024-05-21 12:22:15 +0300
Processing by UsersController#new as HTML
  Rendering layout layouts/application.html.erb
  Rendering users/new.html.erb within layouts/application
  Rendered users/_form.html.erb (Duration: 2.6ms | Allocations: 1123)
  Rendered users/new.html.erb within layouts/application (Duration: 3.0ms | Allocations: 1203)
  Rendered layout layouts/application.html.erb (Duration: 4.9ms | Allocations: 2367)
Completed 200 OK in 6ms (Views: 5.4ms | ActiveRecord: 0.0ms | Allocations: 2647)


Started GET "/users" for ::1 at 2024-05-21 12:23:04 +0300
Processing by UsersController#index as HTML
  Rendering layout layouts/application.html.erb
  Rendering users/index.html.erb within layouts/application
  [1m[36mUser Load (0.1ms)[0m  [1m[34mSELECT "users".* FROM "users"[0m
  ↳ app/views/users/index.html.erb:6
  Rendered users/_user.html.erb (Duration: 0.7ms | Allocations: 204)
  Rendered users/index.html.erb within layouts/application (Duration: 11.3ms | Allocations: 5126)
  Rendered layout layouts/application.html.erb (Duration: 29.2ms | Allocations: 21191)
Completed 200 OK in 37ms (Views: 29.1ms | ActiveRecord: 2.2ms | Allocations: 23785)


Started GET "/users" for ::1 at 2024-05-21 12:23:20 +0300
Processing by UsersController#index as HTML
  Rendering layout layouts/application.html.erb
  Rendering users/index.html.erb within layouts/application
  [1m[36mUser Load (0.2ms)[0m  [1m[34mSELECT "users".* FROM "users"[0m
  ↳ app/views/users/index.html.erb:9
  Rendered users/_user.html.erb (Duration: 0.7ms | Allocations: 205)
  Rendered users/index.html.erb within layouts/application (Duration: 26.9ms | Allocations: 5137)
  Rendered layout layouts/application.html.erb (Duration: 46.5ms | Allocations: 21247)
Completed 200 OK in 54ms (Views: 45.6ms | ActiveRecord: 2.9ms | Allocations: 23825)


Started GET "/users/new" for ::1 at 2024-05-21 12:23:30 +0300
Processing by UsersController#new as HTML
  Rendering layout layouts/application.html.erb
  Rendering users/new.html.erb within layouts/application
  Rendered users/_form.html.erb (Duration: 2.7ms | Allocations: 1539)
  Rendered users/new.html.erb within layouts/application (Duration: 3.5ms | Allocations: 1802)
  Rendered layout layouts/application.html.erb (Duration: 5.3ms | Allocations: 2968)
Completed 200 OK in 7ms (Views: 5.9ms | ActiveRecord: 0.0ms | Allocations: 3332)


Started GET "/users" for ::1 at 2024-05-21 12:24:12 +0300
Processing by UsersController#index as HTML
  Rendering layout layouts/application.html.erb
  Rendering users/index.html.erb within layouts/application
  Rendered users/index.html.erb within layouts/application (Duration: 18.7ms | Allocations: 5711)
  Rendered layout layouts/application.html.erb (Duration: 19.1ms | Allocations: 5808)
Completed 500 Internal Server Error in 26ms (ActiveRecord: 0.0ms | Allocations: 8375)


  
ActionView::Template::Error (undefined local variable or method `lab_reports_path' for #<ActionView::Base:0x000000000191b8>

'.freeze; @output_buffer.append=( link_to "List lab reports", lab_reports_path ); @output_buffer.safe_append='
                                                              ^^^^^^^^^^^^^^^^):
    3: <h1>Users</h1>
    4: 
    5: <%= link_to "New user", new_user_path %>
    6: <%= link_to "List lab reports", lab_reports_path %>
    7: 
    8: <div id="users">
    9:   <% @users.each do |user| %>
  
app/views/users/index.html.erb:6
Started GET "/routes" for ::1 at 2024-05-21 12:26:01 +0300
  
ActionController::RoutingError (No route matches [GET] "/routes"):
  
Started GET "/users" for ::1 at 2024-05-21 12:26:41 +0300
Processing by UsersController#index as HTML
  Rendering layout layouts/application.html.erb
  Rendering users/index.html.erb within layouts/application
  Rendered users/index.html.erb within layouts/application (Duration: 1.8ms | Allocations: 1922)
  Rendered layout layouts/application.html.erb (Duration: 2.0ms | Allocations: 2011)
Completed 500 Internal Server Error in 7ms (ActiveRecord: 0.0ms | Allocations: 4578)


  
ActionView::Template::Error (No route matches {:action=>"index", :controller=>"lab_reports"}, missing required keys: [:user_id]
Did you mean?  user_lab_reports_url):
    3: <h1>Users</h1>
    4: 
    5: <%= link_to "New user", new_user_path %>
    6: <%= link_to "List lab reports", user_lab_reports_path %>
    7: 
    8: <div id="users">
    9:   <% @users.each do |user| %>
  
app/views/users/index.html.erb:6
Started GET "/users" for ::1 at 2024-05-21 12:26:44 +0300
Processing by UsersController#index as HTML
  Rendering layout layouts/application.html.erb
  Rendering users/index.html.erb within layouts/application
  Rendered users/index.html.erb within layouts/application (Duration: 2.4ms | Allocations: 1923)
  Rendered layout layouts/application.html.erb (Duration: 2.7ms | Allocations: 2012)
Completed 500 Internal Server Error in 8ms (ActiveRecord: 0.0ms | Allocations: 4574)


  
ActionView::Template::Error (No route matches {:action=>"index", :controller=>"lab_reports"}, missing required keys: [:user_id]
Did you mean?  user_lab_reports_url):
    3: <h1>Users</h1>
    4: 
    5: <%= link_to "New user", new_user_path %>
    6: <%= link_to "List lab reports", user_lab_reports_path %>
    7: 
    8: <div id="users">
    9:   <% @users.each do |user| %>
  
app/views/users/index.html.erb:6
Started GET "/" for ::1 at 2024-05-21 12:26:49 +0300
Processing by UsersController#index as HTML
  Rendering layout layouts/application.html.erb
  Rendering users/index.html.erb within layouts/application
  Rendered users/index.html.erb within layouts/application (Duration: 2.0ms | Allocations: 1525)
  Rendered layout layouts/application.html.erb (Duration: 2.3ms | Allocations: 1608)
Completed 500 Internal Server Error in 3ms (ActiveRecord: 0.0ms | Allocations: 1878)


  
ActionView::Template::Error (No route matches {:action=>"index", :controller=>"lab_reports"}, missing required keys: [:user_id]
Did you mean?  user_lab_reports_url):
    3: <h1>Users</h1>
    4: 
    5: <%= link_to "New user", new_user_path %>
    6: <%= link_to "List lab reports", user_lab_reports_path %>
    7: 
    8: <div id="users">
    9:   <% @users.each do |user| %>
  
app/views/users/index.html.erb:6
Started GET "/" for ::1 at 2024-05-21 12:26:59 +0300
Processing by UsersController#index as HTML
  Rendering layout layouts/application.html.erb
  Rendering users/index.html.erb within layouts/application
  Rendered users/index.html.erb within layouts/application (Duration: 2.4ms | Allocations: 1935)
  Rendered layout layouts/application.html.erb (Duration: 2.8ms | Allocations: 2024)
Completed 500 Internal Server Error in 10ms (ActiveRecord: 0.0ms | Allocations: 4589)


  
ActionView::Template::Error (No route matches {:action=>"index", :controller=>"lab_reports"}, missing required keys: [:user_id]
Did you mean?  user_lab_reports_path):
    3: <h1>Users</h1>
    4: 
    5: <%= link_to "New user", new_user_path %>
    6: <%= link_to "List lab reports", user_lab_reports_url %>
    7: 
    8: <div id="users">
    9:   <% @users.each do |user| %>
  
app/views/users/index.html.erb:6
Started GET "/routes" for ::1 at 2024-05-21 12:27:16 +0300
  
ActionController::RoutingError (No route matches [GET] "/routes"):
  
Started GET "/" for ::1 at 2024-05-21 12:31:15 +0300
Processing by LabReportsController#index as HTML
  Rendering layout layouts/application.html.erb
  Rendering lab_reports/index.html.erb within layouts/application
  [1m[36mLabReport Load (0.1ms)[0m  [1m[34mSELECT "lab_reports".* FROM "lab_reports"[0m
  ↳ app/views/lab_reports/index.html.erb:6
  Rendered lab_reports/index.html.erb within layouts/application (Duration: 3.7ms | Allocations: 1761)
  Rendered layout layouts/application.html.erb (Duration: 16.8ms | Allocations: 17866)
Completed 200 OK in 22ms (Views: 16.6ms | ActiveRecord: 1.6ms | Allocations: 20611)


Started GET "/lab_reports/new" for ::1 at 2024-05-21 12:31:16 +0300
Processing by LabReportsController#new as HTML
  Rendering layout layouts/application.html.erb
  Rendering lab_reports/new.html.erb within layouts/application
  Rendered lab_reports/_form.html.erb (Duration: 32.4ms | Allocations: 2188)
  Rendered lab_reports/new.html.erb within layouts/application (Duration: 33.3ms | Allocations: 2475)
  Rendered layout layouts/application.html.erb (Duration: 45.7ms | Allocations: 3763)
Completed 200 OK in 67ms (Views: 50.3ms | ActiveRecord: 0.6ms | Allocations: 11078)


Started GET "/" for ::1 at 2024-05-21 12:31:34 +0300
Processing by LabReportsController#index as HTML
  Rendering layout layouts/application.html.erb
  Rendering lab_reports/index.html.erb within layouts/application
  [1m[36mLabReport Load (0.1ms)[0m  [1m[34mSELECT "lab_reports".* FROM "lab_reports"[0m
  ↳ app/views/lab_reports/index.html.erb:6
  Rendered lab_reports/index.html.erb within layouts/application (Duration: 3.2ms | Allocations: 1765)
  Rendered layout layouts/application.html.erb (Duration: 17.7ms | Allocations: 17871)
Completed 200 OK in 22ms (Views: 17.9ms | ActiveRecord: 1.3ms | Allocations: 20331)


Started GET "/users" for ::1 at 2024-05-21 12:31:39 +0300
Processing by UsersController#index as HTML
  Rendering layout layouts/application.html.erb
  Rendering users/index.html.erb within layouts/application
  [1m[36mUser Load (0.2ms)[0m  [1m[34mSELECT "users".* FROM "users"[0m
  ↳ app/views/users/index.html.erb:9
  Rendered users/_user.html.erb (Duration: 0.6ms | Allocations: 203)
  Rendered users/index.html.erb within layouts/application (Duration: 11.1ms | Allocations: 4783)
  Rendered layout layouts/application.html.erb (Duration: 13.3ms | Allocations: 6095)
Completed 200 OK in 18ms (Views: 13.4ms | ActiveRecord: 0.8ms | Allocations: 7919)


Started GET "/lab_reports" for ::1 at 2024-05-21 12:31:41 +0300
Processing by LabReportsController#index as HTML
  Rendering layout layouts/application.html.erb
  Rendering lab_reports/index.html.erb within layouts/application
  [1m[36mLabReport Load (0.1ms)[0m  [1m[34mSELECT "lab_reports".* FROM "lab_reports"[0m
  ↳ app/views/lab_reports/index.html.erb:6
  Rendered lab_reports/index.html.erb within layouts/application (Duration: 1.7ms | Allocations: 919)
  Rendered layout layouts/application.html.erb (Duration: 3.8ms | Allocations: 2084)
Completed 200 OK in 5ms (Views: 4.2ms | ActiveRecord: 0.1ms | Allocations: 2363)


Started GET "/lab_reports" for ::1 at 2024-05-21 12:37:40 +0300
Processing by LabReportsController#index as HTML
  Rendering layout layouts/application.html.erb
  Rendering lab_reports/index.html.erb within layouts/application
  [1m[36mLabReport Load (1.3ms)[0m  [1m[34mSELECT "lab_reports".* FROM "lab_reports"[0m
  ↳ app/views/lab_reports/index.html.erb:9
  Rendered lab_reports/index.html.erb within layouts/application (Duration: 4.6ms | Allocations: 1744)
  Rendered layout layouts/application.html.erb (Duration: 26.5ms | Allocations: 17850)
Completed 200 OK in 31ms (Views: 26.0ms | ActiveRecord: 2.0ms | Allocations: 20315)


Started GET "/users" for ::1 at 2024-05-21 12:37:42 +0300
Processing by UsersController#index as HTML
  Rendering layout layouts/application.html.erb
  Rendering users/index.html.erb within layouts/application
  [1m[36mUser Load (0.2ms)[0m  [1m[34mSELECT "users".* FROM "users"[0m
  ↳ app/views/users/index.html.erb:9
  Rendered users/_user.html.erb (Duration: 0.8ms | Allocations: 203)
  Rendered users/index.html.erb within layouts/application (Duration: 8.1ms | Allocations: 4328)
  Rendered layout layouts/application.html.erb (Duration: 10.1ms | Allocations: 5640)
Completed 200 OK in 14ms (Views: 11.0ms | ActiveRecord: 0.2ms | Allocations: 7458)


Started GET "/lab_reports" for ::1 at 2024-05-21 12:37:42 +0300
Processing by LabReportsController#index as HTML
  Rendering layout layouts/application.html.erb
  Rendering lab_reports/index.html.erb within layouts/application
  [1m[36mLabReport Load (0.1ms)[0m  [1m[34mSELECT "lab_reports".* FROM "lab_reports"[0m
  ↳ app/views/lab_reports/index.html.erb:9
  Rendered lab_reports/index.html.erb within layouts/application (Duration: 2.5ms | Allocations: 913)
  Rendered layout layouts/application.html.erb (Duration: 5.1ms | Allocations: 2078)
Completed 200 OK in 6ms (Views: 5.7ms | ActiveRecord: 0.1ms | Allocations: 2357)


  [1m[36mUser Load (0.2ms)[0m  [1m[34mSELECT "users".* FROM "users" /* loading for pp */ LIMIT ?[0m  [["LIMIT", 11]]
  [1m[36mUser Load (0.2ms)[0m  [1m[34mSELECT "users".* FROM "users" LIMIT ?[0m  [["LIMIT", 1]]
  [1m[36mUser Load (0.1ms)[0m  [1m[34mSELECT "users".* FROM "users" LIMIT ?[0m  [["LIMIT", 1]]
  [1m[36mUser Load (0.1ms)[0m  [1m[34mSELECT "users".* FROM "users" LIMIT ?[0m  [["LIMIT", 2]]
  [1m[36mUser Load (0.1ms)[0m  [1m[34mSELECT "users".* FROM "users" LIMIT ?[0m  [["LIMIT", 1]]
  [1m[36mUser Load (0.1ms)[0m  [1m[34mSELECT "users".* FROM "users" LIMIT ?[0m  [["LIMIT", 1]]
  [1m[36mUser Load (0.1ms)[0m  [1m[34mSELECT "users".* FROM "users" LIMIT ?[0m  [["LIMIT", 1]]
  [1m[36mUser Load (0.1ms)[0m  [1m[34mSELECT "users".* FROM "users" LIMIT ?[0m  [["LIMIT", 1]]
  [1m[36mUser Load (0.1ms)[0m  [1m[34mSELECT "users".* FROM "users" LIMIT ?[0m  [["LIMIT", 1]]
  [1m[36mUser Load (0.1ms)[0m  [1m[34mSELECT "users".* FROM "users" LIMIT ?[0m  [["LIMIT", 1]]
Started GET "/users" for ::1 at 2024-05-21 12:44:27 +0300
  [1m[36mActiveRecord::SchemaMigration Load (0.2ms)[0m  [1m[34mSELECT "schema_migrations"."version" FROM "schema_migrations" ORDER BY "schema_migrations"."version" ASC[0m
  
ActionController::RoutingError (No route matches [GET] "/users"):
  
Started GET "/" for ::1 at 2024-05-21 12:44:31 +0300
Processing by LabReportsController#index as HTML
  Rendering layout layouts/application.html.erb
  Rendering lab_reports/index.html.erb within layouts/application
  [1m[36mLabReport Load (0.2ms)[0m  [1m[34mSELECT "lab_reports".* FROM "lab_reports"[0m
  ↳ app/views/lab_reports/index.html.erb:8
  Rendered lab_reports/index.html.erb within layouts/application (Duration: 5.3ms | Allocations: 1939)
  Rendered layout layouts/application.html.erb (Duration: 63.6ms | Allocations: 35722)
Completed 200 OK in 92ms (Views: 63.3ms | ActiveRecord: 2.3ms | Allocations: 44853)


  [1m[36mUser Load (0.2ms)[0m  [1m[34mSELECT "users".* FROM "users" /* loading for pp */ LIMIT ?[0m  [["LIMIT", 11]]
  [1m[36mUser Load (0.2ms)[0m  [1m[34mSELECT "users".* FROM "users" WHERE "users"."id" = ? LIMIT ?[0m  [["id", 2], ["LIMIT", 1]]
  [1m[36mUser Load (0.1ms)[0m  [1m[34mSELECT "users".* FROM "users" WHERE "users"."id" = ? LIMIT ?[0m  [["id", 2], ["LIMIT", 1]]
  [1m[36mUser Load (0.1ms)[0m  [1m[34mSELECT "users".* FROM "users" WHERE "users"."id" = ? LIMIT ?[0m  [["id", 1], ["LIMIT", 1]]
  [1m[36mUser Load (0.2ms)[0m  [1m[34mSELECT "users".* FROM "users" WHERE "users"."email" = ? LIMIT ?[0m  [["email", "anton"], ["LIMIT", 1]]
  [1m[36mUser Load (0.1ms)[0m  [1m[34mSELECT "users".* FROM "users" WHERE "users"."email" = ? LIMIT ?[0m  [["email", "anton@example.com"], ["LIMIT", 1]]
  [1m[36mActiveRecord::SchemaMigration Load (0.2ms)[0m  [1m[34mSELECT "schema_migrations"."version" FROM "schema_migrations" ORDER BY "schema_migrations"."version" ASC[0m
  [1m[36mActiveRecord::SchemaMigration Load (0.0ms)[0m  [1m[34mSELECT "schema_migrations"."version" FROM "schema_migrations" ORDER BY "schema_migrations"."version" ASC[0m
  [1m[36mActiveRecord::SchemaMigration Load (0.0ms)[0m  [1m[34mSELECT "schema_migrations"."version" FROM "schema_migrations" ORDER BY "schema_migrations"."version" ASC[0m
  [1m[36mActiveRecord::SchemaMigration Load (0.0ms)[0m  [1m[34mSELECT "schema_migrations"."version" FROM "schema_migrations" ORDER BY "schema_migrations"."version" ASC[0m
Migrating to CreateLabReports (20240521085214)
  [1m[36mTRANSACTION (0.1ms)[0m  [1m[36mbegin transaction[0m
  [1m[35m (1.5ms)[0m  [1m[35mDROP TABLE "lab_reports"[0m
  [1m[36mActiveRecord::SchemaMigration Destroy (0.1ms)[0m  [1m[31mDELETE FROM "schema_migrations" WHERE "schema_migrations"."version" = '20240521085214'[0m
  [1m[36mTRANSACTION (9.8ms)[0m  [1m[36mcommit transaction[0m
  [1m[36mActiveRecord::SchemaMigration Load (0.1ms)[0m  [1m[34mSELECT "schema_migrations"."version" FROM "schema_migrations" ORDER BY "schema_migrations"."version" ASC[0m
  [1m[36mActiveRecord::InternalMetadata Load (0.2ms)[0m  [1m[34mSELECT * FROM "ar_internal_metadata" WHERE "ar_internal_metadata"."key" = ? ORDER BY "ar_internal_metadata"."key" ASC LIMIT 1[0m  [[nil, "environment"]]
  [1m[36mActiveRecord::SchemaMigration Load (0.1ms)[0m  [1m[34mSELECT "schema_migrations"."version" FROM "schema_migrations" ORDER BY "schema_migrations"."version" ASC[0m
Migrating to CreateLabReports (20240521085214)
  [1m[36mTRANSACTION (0.1ms)[0m  [1m[36mbegin transaction[0m
  [1m[35m (1.1ms)[0m  [1m[35mCREATE TABLE "lab_reports" ("id" integer PRIMARY KEY AUTOINCREMENT NOT NULL, "title" varchar, "description" text, "grade" varchar DEFAULT 'None', "user_id" integer DEFAULT 1 NOT NULL, "created_at" datetime(6) NOT NULL, "updated_at" datetime(6) NOT NULL, CONSTRAINT "fk_rails_acb1a91263"
FOREIGN KEY ("user_id")
  REFERENCES "users" ("id")
)[0m
  [1m[35m (0.1ms)[0m  [1m[35mCREATE INDEX "index_lab_reports_on_user_id" ON "lab_reports" ("user_id")[0m
  [1m[36mActiveRecord::SchemaMigration Create (0.1ms)[0m  [1m[32mINSERT INTO "schema_migrations" ("version") VALUES ('20240521085214') RETURNING "version"[0m
  [1m[36mTRANSACTION (0.1ms)[0m  [1m[36mcommit transaction[0m
  [1m[36mActiveRecord::SchemaMigration Load (0.1ms)[0m  [1m[34mSELECT "schema_migrations"."version" FROM "schema_migrations" ORDER BY "schema_migrations"."version" ASC[0m
